<?xml version="1.0" encoding="UTF-8"?>
<!-- Generated by org.testng.reporters.JUnitReportReporter -->
<testsuite hostname="C02HG794Q6L5" failures="0" tests="1" name="com.Streams.samplecodes" time="0.004" errors="0" timestamp="2024-07-23T11:44:59 IST" skipped="0">
  <testcase classname="com.Streams.samplecodes" name="streamCollectors" time="0.004"/>
</testsuite> <!-- com.Streams.samplecodes -->
