<?xml version="1.0" encoding="UTF-8"?>
<!-- Generated by org.testng.reporters.JUnitReportReporter -->
<testsuite hostname="C02HG794Q6L5" failures="0" tests="5" name="com.TestNG.Test1" time="0.005" errors="0" timestamp="2024-09-05T11:37:45 IST" skipped="0">
  <testcase classname="com.TestNG.Test1" name="t4" time="0.001"/>
  <testcase classname="com.TestNG.Test1" name="t3" time="0.000"/>
  <testcase classname="com.TestNG.Test1" name="t1" time="0.002"/>
  <testcase classname="com.TestNG.Test1" name="t5" time="0.001"/>
  <testcase classname="com.TestNG.Test1" name="t2" time="0.001"/>
</testsuite> <!-- com.TestNG.Test1 -->
