<?xml version="1.0" encoding="UTF-8"?>
<!-- Generated by org.testng.reporters.JUnitReportReporter -->
<testsuite hostname="C02HG794Q6L5" failures="0" tests="6" name="com.TestNG.Inherit" time="0.009" errors="0" timestamp="2024-05-21T17:43:43 IST" skipped="0">
  <testcase classname="com.TestNG.Inherit" name="ps" time="0.001"/>
  <system-out/>
  <testcase classname="com.TestNG.Inherit" name="t2" time="0.001"/>
  <system-out/>
  <testcase classname="com.TestNG.Inherit" name="t3" time="0.000"/>
  <system-out/>
  <testcase classname="com.TestNG.Inherit" name="t4" time="0.001"/>
  <system-out/>
  <testcase classname="com.TestNG.Inherit" name="t5" time="0.001"/>
  <system-out/>
  <testcase classname="com.TestNG.Inherit" name="t1" time="0.005"/>
  <system-out/>
</testsuite> <!-- com.TestNG.Inherit -->
